<?xml version="1.0" encoding="UTF-8"?>
<!-- Generated by org.testng.reporters.JUnitReportReporter -->
<testsuite hostname="TR00826W" failures="0" tests="1" name="runner.RunnerTestNG" time="60.522" errors="0" timestamp="2024-01-05T14:07:34 EET" skipped="0">
  <testcase classname="runner.RunnerTestNG" name="runScenario" time="60.522"/>
</testsuite> <!-- runner.RunnerTestNG -->
